[debug] [2026-03-16T01:45:08.833Z] ----------------------------------------------------------------------
[debug] [2026-03-16T01:45:08.834Z] Command:       /usr/local/bin/firebase /Users/jahflyx/.cache/firebase/tools/lib/node_modules/firebase-tools/lib/bin/firebase init
[debug] [2026-03-16T01:45:08.834Z] CLI Version:   13.30.0
[debug] [2026-03-16T01:45:08.834Z] Platform:      darwin
[debug] [2026-03-16T01:45:08.835Z] Node Version:  v18.5.0
[debug] [2026-03-16T01:45:08.836Z] Time:          Sun Mar 15 2026 20:45:08 GMT-0500 (Central Daylight Time)
[debug] [2026-03-16T01:45:08.836Z] ----------------------------------------------------------------------
[debug] 
[debug] [2026-03-16T01:45:08.840Z] >>> [apiv2][query] GET https://firebase-public.firebaseio.com/cli.json [none]
[debug] [2026-03-16T01:45:08.867Z] > command requires scopes: ["email","openid","https://www.googleapis.com/auth/cloudplatformprojects.readonly","https://www.googleapis.com/auth/firebase","https://www.googleapis.com/auth/cloud-platform"]
[debug] [2026-03-16T01:45:08.869Z] > authorizing via signed-in user (jjohnso75@gmail.com)
[info] 
     ######## #### ########  ######## ########     ###     ######  ########
     ##        ##  ##     ## ##       ##     ##  ##   ##  ##       ##
     ######    ##  ########  ######   ########  #########  ######  ######
     ##        ##  ##    ##  ##       ##     ## ##     ##       ## ##
     ##       #### ##     ## ######## ########  ##     ##  ######  ########

You're about to initialize a Firebase project in this directory:

  /Users/jahflyx/learning-center

[debug] [2026-03-16T01:45:09.056Z] <<< [apiv2][status] GET https://firebase-public.firebaseio.com/cli.json 200
[debug] [2026-03-16T01:45:09.057Z] <<< [apiv2][body] GET https://firebase-public.firebaseio.com/cli.json {"cloudBuildErrorAfter":1594252800000,"cloudBuildWarnAfter":1590019200000,"defaultNode10After":1594252800000,"minVersion":"3.0.5","node8DeploysDisabledAfter":1613390400000,"node8RuntimeDisabledAfter":1615809600000,"node8WarnAfter":1600128000000}
